2025-12-02 09:51:49,772 - INFO - โโโโโโโโโโโโโโโโโโโโโโโโโโโโโโโโโโโโโโโโโโโโโโโโโโโโโโโโโโโโโโโโโโโโโโ
2025-12-02 09:51:49,772 - INFO - โ                    IMAGE COMPRESSOR v1.0                           โ
2025-12-02 09:51:49,772 - INFO - โ               DCT vs DWT Compression Comparison                    โ
2025-12-02 09:51:49,772 - INFO - โโโโโโโโโโโโโโโโโโโโโโโโโโโโโโโโโโโโโโโโโโโโโโโโโโโโโโโโโโโโโโโโโโโโโโ
2025-12-02 09:51:49,772 - INFO - 
ะะฝัััะฐะปัะทะฐััั ะบะพะผะฟัะตัะพัะฐ...
2025-12-02 09:51:49,772 - INFO - ======================================================================
2025-12-02 09:51:49,772 - INFO - ะะพัะฐัะพะบ ัะพะฑะพัะธ ImageCompressor
2025-12-02 09:51:49,772 - INFO - URL: https://upload.wikimedia.org/wikipedia/commons/thumb/3/3a/Cat03.jpg/800px-Cat03.jpg
2025-12-02 09:51:49,772 - INFO - ะะฐะฒะฐะฝัะฐะถะตะฝะฝั ะทะพะฑัะฐะถะตะฝะฝั ะท ัะฝัะตัะฝะตัั...
2025-12-02 09:51:50,321 - INFO - HTTP ััะฐััั: 200
2025-12-02 09:51:50,321 - INFO - ะะพะทะผัั ะทะฐะฒะฐะฝัะฐะถะตะฝะพะณะพ ัะฐะนะปั: 109.00 KB
2025-12-02 09:51:50,347 - INFO - โ ะะพะฑัะฐะถะตะฝะฝั ะทะฐะฒะฐะฝัะฐะถะตะฝะพ ััะฟััะฝะพ ะทะฐ 0.57 ัะตะบ
2025-12-02 09:51:50,347 - INFO - ะะพะทะผััะธ: 800x799 ะฟัะบัะตะปัะฒ
2025-12-02 09:51:50,347 - INFO - ะัะปัะบัััั ะฟัะบัะตะปัะฒ: 639,200
2025-12-02 09:51:50,347 - INFO - ะัะฐะฟะฐะทะพะฝ ะทะฝะฐัะตะฝั: [0.0, 255.0]
2025-12-02 09:51:50,349 - INFO - 
ะัะฒะฝั ัะบะพััั ะดะปั ัะตัััะฒะฐะฝะฝั: [10, 30, 50, 70, 90]
2025-12-02 09:51:50,349 - INFO - ======================================================================
2025-12-02 09:51:50,349 - INFO - ะะะะะะะฏะะะฏ ะะะขะะะะ ะกะขะะกะะะะะฏ
2025-12-02 09:51:50,349 - INFO - ะฏะบัััั: 10%
2025-12-02 09:51:50,349 - INFO - ======================================================================
2025-12-02 09:51:50,349 - INFO - ----------------------------------------------------------------------
2025-12-02 09:51:50,350 - INFO - DCT ะกะขะะกะะะะะฏ
2025-12-02 09:51:50,350 - INFO - ะะฐัะฐะผะตัั ัะบะพััั: 10%
2025-12-02 09:51:50,351 - INFO - ะะพะทะผัั ะท padding: (800, 800)
2025-12-02 09:51:50,351 - INFO - ะัะปัะบัััั ะฑะปะพะบัะฒ 8x8: 10000
2025-12-02 09:51:50,513 - INFO - โ DCT ััะธัะฝะตะฝะฝั ะทะฐะฒะตััะตะฝะพ ะทะฐ 0.16 ัะตะบ
2025-12-02 09:51:50,513 - INFO - ะจะฒะธะดะบัััั: 61358 ะฑะปะพะบัะฒ/ัะตะบ
2025-12-02 09:51:50,517 - INFO - DCT PSNR: 30.64 dB
2025-12-02 09:51:50,517 - INFO - ----------------------------------------------------------------------
2025-12-02 09:51:50,517 - INFO - DWT ะกะขะะกะะะะะฏ (Haar Wavelet)
2025-12-02 09:51:50,517 - INFO - ะฏะบัััั (ะฒัะดัะพัะพะบ ะทะฑะตัะตะถะตะฝะธั ะบะพะตัััััะฝััะฒ): 10%
2025-12-02 09:51:50,517 - INFO - ะะฐะบัะธะผะฐะปัะฝะฐ ะบัะปัะบัััั ััะฒะฝัะฒ: 9
2025-12-02 09:51:50,517 - INFO - ะะธะบะพัะธััะพะฒัััััั ััะฒะฝัะฒ: 3
2025-12-02 09:51:50,517 - INFO - ะะพะทะผัั ะท padding: (800, 800)
2025-12-02 09:51:50,546 - INFO - ะะพััะณ ััะปัััะฐััั: 12.50
2025-12-02 09:51:50,549 - INFO - ะะพะตัััััะฝััะฒ ะดะพ ััะปัััะฐััั: 531,013
2025-12-02 09:51:50,549 - INFO - ะะพะตัััััะฝััะฒ ะฟััะปั ััะปัััะฐััั: 64,423
2025-12-02 09:51:50,549 - INFO - ะัะดะบะธะฝััะพ: 87.9%
2025-12-02 09:51:51,835 - INFO - โ DWT ััะธัะฝะตะฝะฝั ะทะฐะฒะตััะตะฝะพ ะทะฐ 1.32 ัะตะบ
2025-12-02 09:51:51,837 - INFO - DWT PSNR: 37.77 dB
2025-12-02 09:51:51,839 - INFO - ----------------------------------------------------------------------
2025-12-02 09:51:51,839 - INFO - ะกะขะะขะะกะขะะะ ะะะะะะะ:
2025-12-02 09:51:51,840 - INFO - DCT - ะะฐะบั: 121.86, ะกะตัะตะดะฝั: 4.99, Std: 5.59
2025-12-02 09:51:51,842 - INFO - DWT - ะะฐะบั: 22.12, ะกะตัะตะดะฝั: 2.42, Std: 2.24
2025-12-02 09:51:51,842 - INFO - ----------------------------------------------------------------------
2025-12-02 09:51:51,842 - INFO - ๐ ะะะะฉะะ ะะะขะะ: DWT (ะฟะตัะตะฒะฐะณะฐ: 7.13 dB)
2025-12-02 09:51:51,842 - INFO - ----------------------------------------------------------------------
2025-12-02 09:51:51,842 - INFO - ะกัะฒะพัะตะฝะฝั ะฒัะทัะฐะปัะทะฐััั...
2025-12-02 09:51:52,521 - INFO - โ ะัะฐััะบ ะทะฑะตัะตะถะตะฝะพ: compression_comparison_q10.png
