2025-12-02 09:43:19,260 - INFO - ============================================================
2025-12-02 09:43:19,260 - INFO - Медіаплеєр запущено
2025-12-02 09:43:19,260 - INFO - ============================================================
2025-12-02 09:43:19,394 - INFO - QApplication створено
2025-12-02 09:43:19,396 - INFO - Ініціалізація медіаплеєра
2025-12-02 09:43:19,409 - INFO - QMediaPlayer ініціалізовано
2025-12-02 09:43:19,409 - INFO - Створення інтерфейсу користувача
2025-12-02 09:43:19,459 - INFO - Гучність змінено на: 50%
2025-12-02 09:43:19,460 - INFO - Інтерфейс створено успішно
2025-12-02 09:43:19,460 - INFO - Сигнали підключено
2025-12-02 09:43:19,664 - INFO - Головне вікно відображено
2025-12-02 09:43:22,242 - INFO - Відкриття діалогу вибору файлу
2025-12-02 09:43:31,689 - INFO - Вибрано файл: /Users/bogdanresetko/Downloads/-2442366109894061761.MP4
2025-12-02 09:43:31,689 - INFO - Завантаження медіа: /Users/bogdanresetko/Downloads/-2442366109894061761.MP4
2025-12-02 09:43:31,690 - INFO - Розпізнано як локальний файл: /Users/bogdanresetko/Downloads/-2442366109894061761.MP4
2025-12-02 09:43:31,697 - INFO - Стан: Відтворення
2025-12-02 09:43:31,698 - INFO - Медіа завантажено та розпочато відтворення
2025-12-02 09:43:31,698 - INFO - Завантажено файл: -2442366109894061761.MP4
2025-12-02 09:43:34,005 - INFO - Тривалість медіа: 00:01
2025-12-02 09:43:36,029 - INFO - Стан: Зупинено
2025-12-02 09:43:39,161 - INFO - Стан: Відтворення
2025-12-02 09:43:39,162 - INFO - Відтворення відновлено
2025-12-02 09:43:40,233 - INFO - Стан: Пауза
2025-12-02 09:43:40,233 - INFO - Відтворення призупинено
2025-12-02 09:43:41,178 - INFO - Стан: Відтворення
2025-12-02 09:43:41,178 - INFO - Відтворення відновлено
2025-12-02 09:43:41,764 - INFO - Стан: Зупинено
2025-12-02 09:43:41,764 - INFO - Відтворення зупинено
2025-12-02 09:43:42,895 - INFO - Перемотка вперед: 0ms -> 1833ms
2025-12-02 09:43:43,961 - INFO - Перемотка вперед: 1833ms -> 1833ms
2025-12-02 09:43:44,831 - INFO - Перемотка назад: 1833ms -> 0ms
2025-12-02 09:43:46,934 - INFO - Відкриття діалогу введення URL
2025-12-02 09:44:01,609 - INFO - Введено URL: https://www.youtube.com/watch?v=4EeAVvWzUG4
2025-12-02 09:44:01,610 - INFO - Завантаження медіа: https://www.youtube.com/watch?v=4EeAVvWzUG4
2025-12-02 09:44:01,611 - INFO - Розпізнано як URL: https://www.youtube.com/watch?v=4EeAVvWzUG4
2025-12-02 09:44:01,622 - INFO - Стан: Відтворення
2025-12-02 09:44:01,622 - INFO - Медіа завантажено та розпочато відтворення
2025-12-02 09:44:01,871 - ERROR - Помилка відтворення: Failed to load media
2025-12-02 09:44:04,232 - INFO - Стан: Пауза
2025-12-02 09:44:04,233 - INFO - Відтворення призупинено
2025-12-02 09:44:05,858 - INFO - Закриття медіаплеєра
2025-12-02 09:44:05,859 - INFO - Стан: Зупинено
2025-12-02 09:44:05,860 - INFO - Плеєр зупинено
2025-12-02 09:44:05,860 - INFO - ============================================================
2025-12-02 09:44:05,860 - INFO - Медіаплеєр завершив роботу
2025-12-02 09:44:05,860 - INFO - ============================================================
